constructor for 42
constructor for 54
constructor for 957
constructor for 432
constructor for 1234
constructor for 0
constructor for 754
constructor for 16576

displaying Account Infos

displaying status
displaying status
displaying status
displaying status
displaying status
displaying status
displaying status
displaying status

making deposit 5
making deposit 765
making deposit 564
making deposit 2
making deposit 87
making deposit 23
making deposit 9
making deposit 20

displaying Account Infos

displaying status
displaying status
displaying status
displaying status
displaying status
displaying status
displaying status
displaying status

making withdrawal 321
making withdrawal 34
making withdrawal 657
making withdrawal 4
making withdrawal 76
making withdrawal 275
making withdrawal 657
making withdrawal 7654

displaying Account Infos

displaying status
displaying status
displaying status
displaying status
displaying status
displaying status
displaying status
displaying status

destructor
destructor
destructor
destructor
destructor
destructor
destructor
destructor
